八月 13, 2017 4:17:03 下午 org.apache.catalina.core.ApplicationContext log
信息: ContextListener: contextInitialized()
八月 13, 2017 4:17:03 下午 org.apache.catalina.core.ApplicationContext log
信息: SessionListener: contextInitialized()
八月 13, 2017 4:17:03 下午 org.apache.catalina.core.ApplicationContext log
信息: ContextListener: attributeAdded('org.apache.jasper.compiler.TldLocationsCache', 'org.apache.jasper.compiler.TldLocationsCache@551ea5f4')
八月 13, 2017 4:17:03 下午 org.apache.catalina.core.ApplicationContext log
信息: SessionListener: contextDestroyed()
八月 13, 2017 4:17:03 下午 org.apache.catalina.core.ApplicationContext log
信息: ContextListener: contextDestroyed()
八月 13, 2017 7:13:02 下午 org.apache.catalina.core.ApplicationContext log
信息: ContextListener: contextInitialized()
八月 13, 2017 7:13:02 下午 org.apache.catalina.core.ApplicationContext log
信息: SessionListener: contextInitialized()
八月 13, 2017 7:13:02 下午 org.apache.catalina.core.ApplicationContext log
信息: ContextListener: attributeAdded('org.apache.jasper.compiler.TldLocationsCache', 'org.apache.jasper.compiler.TldLocationsCache@34ff4fb3')
八月 13, 2017 7:27:01 下午 org.apache.catalina.core.ApplicationContext log
信息: ContextListener: contextInitialized()
八月 13, 2017 7:27:01 下午 org.apache.catalina.core.ApplicationContext log
信息: SessionListener: contextInitialized()
八月 13, 2017 7:27:01 下午 org.apache.catalina.core.ApplicationContext log
信息: ContextListener: attributeAdded('org.apache.jasper.compiler.TldLocationsCache', 'org.apache.jasper.compiler.TldLocationsCache@47de4c8e')
八月 13, 2017 7:29:07 下午 org.apache.catalina.core.ApplicationContext log
信息: ContextListener: contextInitialized()
八月 13, 2017 7:29:07 下午 org.apache.catalina.core.ApplicationContext log
信息: SessionListener: contextInitialized()
八月 13, 2017 7:29:07 下午 org.apache.catalina.core.ApplicationContext log
信息: ContextListener: attributeAdded('org.apache.jasper.compiler.TldLocationsCache', 'org.apache.jasper.compiler.TldLocationsCache@130332ba')
八月 13, 2017 7:54:43 下午 org.apache.catalina.core.ApplicationContext log
信息: ContextListener: contextInitialized()
八月 13, 2017 7:54:43 下午 org.apache.catalina.core.ApplicationContext log
信息: SessionListener: contextInitialized()
八月 13, 2017 7:54:43 下午 org.apache.catalina.core.ApplicationContext log
信息: ContextListener: attributeAdded('org.apache.jasper.compiler.TldLocationsCache', 'org.apache.jasper.compiler.TldLocationsCache@2d4b2312')
八月 13, 2017 7:54:46 下午 org.apache.catalina.core.ApplicationContext log
信息: SessionListener: contextDestroyed()
八月 13, 2017 7:54:46 下午 org.apache.catalina.core.ApplicationContext log
信息: ContextListener: contextDestroyed()
八月 13, 2017 8:01:06 下午 org.apache.catalina.core.ApplicationContext log
信息: ContextListener: contextInitialized()
八月 13, 2017 8:01:06 下午 org.apache.catalina.core.ApplicationContext log
信息: SessionListener: contextInitialized()
八月 13, 2017 8:01:06 下午 org.apache.catalina.core.ApplicationContext log
信息: ContextListener: attributeAdded('org.apache.jasper.compiler.TldLocationsCache', 'org.apache.jasper.compiler.TldLocationsCache@2037bd0e')
八月 13, 2017 8:01:10 下午 org.apache.catalina.core.ApplicationContext log
信息: SessionListener: contextDestroyed()
八月 13, 2017 8:01:10 下午 org.apache.catalina.core.ApplicationContext log
信息: ContextListener: contextDestroyed()
八月 13, 2017 8:01:56 下午 org.apache.catalina.core.ApplicationContext log
信息: ContextListener: contextInitialized()
八月 13, 2017 8:01:56 下午 org.apache.catalina.core.ApplicationContext log
信息: SessionListener: contextInitialized()
八月 13, 2017 8:01:56 下午 org.apache.catalina.core.ApplicationContext log
信息: ContextListener: attributeAdded('org.apache.jasper.compiler.TldLocationsCache', 'org.apache.jasper.compiler.TldLocationsCache@5a5fbef7')
八月 13, 2017 8:02:48 下午 org.apache.catalina.core.ApplicationContext log
信息: ContextListener: contextInitialized()
八月 13, 2017 8:02:48 下午 org.apache.catalina.core.ApplicationContext log
信息: SessionListener: contextInitialized()
八月 13, 2017 8:02:48 下午 org.apache.catalina.core.ApplicationContext log
信息: ContextListener: attributeAdded('org.apache.jasper.compiler.TldLocationsCache', 'org.apache.jasper.compiler.TldLocationsCache@130332ba')
八月 13, 2017 8:08:15 下午 org.apache.catalina.core.ApplicationContext log
信息: ContextListener: contextInitialized()
八月 13, 2017 8:08:15 下午 org.apache.catalina.core.ApplicationContext log
信息: SessionListener: contextInitialized()
八月 13, 2017 8:08:15 下午 org.apache.catalina.core.ApplicationContext log
信息: ContextListener: attributeAdded('org.apache.jasper.compiler.TldLocationsCache', 'org.apache.jasper.compiler.TldLocationsCache@63c3f616')
八月 13, 2017 8:15:52 下午 org.apache.catalina.core.ApplicationContext log
信息: ContextListener: contextInitialized()
八月 13, 2017 8:15:52 下午 org.apache.catalina.core.ApplicationContext log
信息: SessionListener: contextInitialized()
八月 13, 2017 8:15:52 下午 org.apache.catalina.core.ApplicationContext log
信息: ContextListener: attributeAdded('org.apache.jasper.compiler.TldLocationsCache', 'org.apache.jasper.compiler.TldLocationsCache@65c98bf3')
八月 13, 2017 8:18:07 下午 org.apache.catalina.core.ApplicationContext log
信息: ContextListener: contextInitialized()
八月 13, 2017 8:18:07 下午 org.apache.catalina.core.ApplicationContext log
信息: SessionListener: contextInitialized()
八月 13, 2017 8:18:08 下午 org.apache.catalina.core.ApplicationContext log
信息: ContextListener: attributeAdded('org.apache.jasper.compiler.TldLocationsCache', 'org.apache.jasper.compiler.TldLocationsCache@6aeb9cde')
八月 13, 2017 8:18:16 下午 org.apache.catalina.core.ApplicationContext log
信息: SessionListener: contextDestroyed()
八月 13, 2017 8:18:16 下午 org.apache.catalina.core.ApplicationContext log
信息: ContextListener: contextDestroyed()
八月 13, 2017 8:30:56 下午 org.apache.catalina.core.ApplicationContext log
信息: ContextListener: contextInitialized()
八月 13, 2017 8:30:56 下午 org.apache.catalina.core.ApplicationContext log
信息: SessionListener: contextInitialized()
八月 13, 2017 8:30:56 下午 org.apache.catalina.core.ApplicationContext log
信息: ContextListener: attributeAdded('org.apache.jasper.compiler.TldLocationsCache', 'org.apache.jasper.compiler.TldLocationsCache@4f2161d4')
八月 13, 2017 8:31:01 下午 org.apache.catalina.core.ApplicationContext log
信息: SessionListener: contextDestroyed()
八月 13, 2017 8:31:01 下午 org.apache.catalina.core.ApplicationContext log
信息: ContextListener: contextDestroyed()
八月 13, 2017 8:46:06 下午 org.apache.catalina.core.ApplicationContext log
信息: ContextListener: contextInitialized()
八月 13, 2017 8:46:06 下午 org.apache.catalina.core.ApplicationContext log
信息: SessionListener: contextInitialized()
八月 13, 2017 8:46:06 下午 org.apache.catalina.core.ApplicationContext log
信息: ContextListener: attributeAdded('org.apache.jasper.compiler.TldLocationsCache', 'org.apache.jasper.compiler.TldLocationsCache@3f9eb1da')
八月 13, 2017 8:46:10 下午 org.apache.catalina.core.ApplicationContext log
信息: SessionListener: contextDestroyed()
八月 13, 2017 8:46:10 下午 org.apache.catalina.core.ApplicationContext log
信息: ContextListener: contextDestroyed()
八月 13, 2017 9:12:08 下午 org.apache.catalina.core.ApplicationContext log
信息: ContextListener: contextInitialized()
八月 13, 2017 9:12:08 下午 org.apache.catalina.core.ApplicationContext log
信息: SessionListener: contextInitialized()
八月 13, 2017 9:12:08 下午 org.apache.catalina.core.ApplicationContext log
信息: ContextListener: attributeAdded('org.apache.jasper.compiler.TldLocationsCache', 'org.apache.jasper.compiler.TldLocationsCache@5a5fbef7')
八月 13, 2017 9:29:22 下午 org.apache.catalina.core.ApplicationContext log
信息: ContextListener: contextInitialized()
八月 13, 2017 9:29:22 下午 org.apache.catalina.core.ApplicationContext log
信息: SessionListener: contextInitialized()
八月 13, 2017 9:29:22 下午 org.apache.catalina.core.ApplicationContext log
信息: ContextListener: attributeAdded('org.apache.jasper.compiler.TldLocationsCache', 'org.apache.jasper.compiler.TldLocationsCache@74bf1f08')
八月 13, 2017 9:42:23 下午 org.apache.catalina.core.ApplicationContext log
信息: SessionListener: contextDestroyed()
八月 13, 2017 9:42:23 下午 org.apache.catalina.core.ApplicationContext log
信息: ContextListener: contextDestroyed()
八月 13, 2017 9:47:30 下午 org.apache.catalina.core.ApplicationContext log
信息: ContextListener: contextInitialized()
八月 13, 2017 9:47:30 下午 org.apache.catalina.core.ApplicationContext log
信息: SessionListener: contextInitialized()
八月 13, 2017 9:47:30 下午 org.apache.catalina.core.ApplicationContext log
信息: ContextListener: attributeAdded('org.apache.jasper.compiler.TldLocationsCache', 'org.apache.jasper.compiler.TldLocationsCache@2f1632c7')
八月 13, 2017 9:49:22 下午 org.apache.catalina.core.ApplicationContext log
信息: ContextListener: contextInitialized()
八月 13, 2017 9:49:22 下午 org.apache.catalina.core.ApplicationContext log
信息: SessionListener: contextInitialized()
八月 13, 2017 9:49:22 下午 org.apache.catalina.core.ApplicationContext log
信息: ContextListener: attributeAdded('org.apache.jasper.compiler.TldLocationsCache', 'org.apache.jasper.compiler.TldLocationsCache@74bf1f08')
八月 13, 2017 9:59:51 下午 org.apache.catalina.core.ApplicationContext log
信息: ContextListener: contextInitialized()
八月 13, 2017 9:59:51 下午 org.apache.catalina.core.ApplicationContext log
信息: SessionListener: contextInitialized()
八月 13, 2017 9:59:51 下午 org.apache.catalina.core.ApplicationContext log
信息: ContextListener: attributeAdded('org.apache.jasper.compiler.TldLocationsCache', 'org.apache.jasper.compiler.TldLocationsCache@4bae7fd7')
八月 13, 2017 9:59:56 下午 org.apache.catalina.core.ApplicationContext log
信息: SessionListener: contextDestroyed()
八月 13, 2017 9:59:56 下午 org.apache.catalina.core.ApplicationContext log
信息: ContextListener: contextDestroyed()
八月 13, 2017 10:00:08 下午 org.apache.catalina.core.ApplicationContext log
信息: ContextListener: contextInitialized()
八月 13, 2017 10:00:08 下午 org.apache.catalina.core.ApplicationContext log
信息: SessionListener: contextInitialized()
八月 13, 2017 10:00:08 下午 org.apache.catalina.core.ApplicationContext log
信息: ContextListener: attributeAdded('org.apache.jasper.compiler.TldLocationsCache', 'org.apache.jasper.compiler.TldLocationsCache@2b5cf2a8')
八月 13, 2017 10:17:10 下午 org.apache.catalina.core.ApplicationContext log
信息: ContextListener: contextInitialized()
八月 13, 2017 10:17:10 下午 org.apache.catalina.core.ApplicationContext log
信息: SessionListener: contextInitialized()
八月 13, 2017 10:17:10 下午 org.apache.catalina.core.ApplicationContext log
信息: ContextListener: attributeAdded('org.apache.jasper.compiler.TldLocationsCache', 'org.apache.jasper.compiler.TldLocationsCache@63c3f616')
